<?xml version="1.0" encoding="UTF-8"?>
<coverage generated="1591731266517" clover="3.2.0">
  <project timestamp="1591731266517" name="All files">
    <metrics statements="230" coveredstatements="174" conditionals="102" coveredconditionals="76" methods="31" coveredmethods="24" elements="363" coveredelements="274" complexity="0" loc="230" ncloc="230" packages="2" files="8" classes="8"/>
    <package name="src">
      <metrics statements="147" coveredstatements="95" conditionals="58" coveredconditionals="34" methods="23" coveredmethods="16"/>
      <file name="diffconfigs.js" path="/home/slava/hexlet/frontend-project-lvl2/src/diffconfigs.js">
        <metrics statements="40" coveredstatements="4" conditionals="14" coveredconditionals="0" methods="5" coveredmethods="1"/>
        <line num="10" count="1" type="stmt"/>
        <line num="11" count="0" type="cond" truecount="0" falsecount="4"/>
        <line num="13" count="0" type="stmt"/>
        <line num="14" count="0" type="stmt"/>
        <line num="15" count="0" type="stmt"/>
        <line num="17" count="0" type="stmt"/>
        <line num="20" count="0" type="stmt"/>
        <line num="21" count="0" type="stmt"/>
        <line num="22" count="0" type="stmt"/>
        <line num="24" count="0" type="stmt"/>
        <line num="27" count="0" type="stmt"/>
        <line num="28" count="0" type="stmt"/>
        <line num="29" count="0" type="stmt"/>
        <line num="31" count="0" type="stmt"/>
        <line num="34" count="0" type="stmt"/>
        <line num="39" count="9" type="stmt"/>
        <line num="42" count="1" type="stmt"/>
        <line num="43" count="0" type="stmt"/>
        <line num="44" count="0" type="stmt"/>
        <line num="46" count="0" type="cond" truecount="0" falsecount="2"/>
        <line num="47" count="0" type="stmt"/>
        <line num="48" count="0" type="stmt"/>
        <line num="51" count="0" type="stmt"/>
        <line num="52" count="0" type="stmt"/>
        <line num="54" count="0" type="cond" truecount="0" falsecount="4"/>
        <line num="55" count="0" type="stmt"/>
        <line num="56" count="0" type="stmt"/>
        <line num="59" count="0" type="stmt"/>
        <line num="60" count="0" type="cond" truecount="0" falsecount="2"/>
        <line num="61" count="0" type="stmt"/>
        <line num="62" count="0" type="stmt"/>
        <line num="65" count="0" type="stmt"/>
        <line num="66" count="0" type="cond" truecount="0" falsecount="2"/>
        <line num="67" count="0" type="stmt"/>
        <line num="68" count="0" type="stmt"/>
        <line num="71" count="0" type="stmt"/>
        <line num="72" count="0" type="stmt"/>
        <line num="77" count="1" type="stmt"/>
        <line num="78" count="0" type="stmt"/>
        <line num="85" count="0" type="stmt"/>
      </file>
      <file name="parsers.js" path="/home/slava/hexlet/frontend-project-lvl2/src/parsers.js">
        <metrics statements="23" coveredstatements="19" conditionals="10" coveredconditionals="9" methods="6" coveredmethods="5"/>
        <line num="6" count="1" type="stmt"/>
        <line num="9" count="1" type="stmt"/>
        <line num="10" count="1" type="stmt"/>
        <line num="12" count="1" type="cond" truecount="1" falsecount="1"/>
        <line num="13" count="1" type="stmt"/>
        <line num="16" count="0" type="stmt"/>
        <line num="17" count="0" type="stmt"/>
        <line num="18" count="0" type="stmt"/>
        <line num="20" count="0" type="stmt"/>
        <line num="25" count="1" type="stmt"/>
        <line num="26" count="1" type="stmt"/>
        <line num="28" count="6" type="stmt"/>
        <line num="29" count="13" type="stmt"/>
        <line num="31" count="13" type="cond" truecount="2" falsecount="0"/>
        <line num="32" count="7" type="cond" truecount="2" falsecount="0"/>
        <line num="34" count="7" type="stmt"/>
        <line num="38" count="6" type="cond" truecount="4" falsecount="0"/>
        <line num="39" count="5" type="stmt"/>
        <line num="41" count="5" type="stmt"/>
        <line num="44" count="1" type="stmt"/>
        <line num="46" count="1" type="stmt"/>
        <line num="49" count="1" type="stmt"/>
        <line num="51" count="1" type="stmt"/>
      </file>
      <file name="trees.js" path="/home/slava/hexlet/frontend-project-lvl2/src/trees.js">
        <metrics statements="73" coveredstatements="70" conditionals="30" coveredconditionals="25" methods="10" coveredmethods="10"/>
        <line num="4" count="160" type="stmt"/>
        <line num="7" count="160" type="stmt"/>
        <line num="10" count="1" type="stmt"/>
        <line num="11" count="48" type="cond" truecount="3" falsecount="1"/>
        <line num="13" count="36" type="stmt"/>
        <line num="15" count="6" type="stmt"/>
        <line num="17" count="6" type="stmt"/>
        <line num="19" count="0" type="stmt"/>
        <line num="24" count="1" type="stmt"/>
        <line num="26" count="38" type="cond" truecount="2" falsecount="0"/>
        <line num="27" count="26" type="stmt"/>
        <line num="28" count="26" type="stmt"/>
        <line num="31" count="26" type="cond" truecount="2" falsecount="0"/>
        <line num="32" count="16" type="stmt"/>
        <line num="36" count="10" type="stmt"/>
        <line num="40" count="12" type="stmt"/>
        <line num="42" count="12" type="stmt"/>
        <line num="44" count="12" type="stmt"/>
        <line num="45" count="22" type="stmt"/>
        <line num="46" count="22" type="stmt"/>
        <line num="49" count="22" type="cond" truecount="2" falsecount="0"/>
        <line num="50" count="20" type="stmt"/>
        <line num="51" count="20" type="stmt"/>
        <line num="54" count="2" type="stmt"/>
        <line num="55" count="2" type="stmt"/>
        <line num="59" count="12" type="stmt"/>
        <line num="63" count="1" type="stmt"/>
        <line num="67" count="8" type="cond" truecount="1" falsecount="1"/>
        <line num="68" count="8" type="stmt"/>
        <line num="70" count="0" type="stmt"/>
        <line num="73" count="8" type="cond" truecount="1" falsecount="1"/>
        <line num="74" count="8" type="stmt"/>
        <line num="76" count="0" type="stmt"/>
        <line num="79" count="8" type="stmt"/>
        <line num="88" count="1" type="stmt"/>
        <line num="89" count="8" type="stmt"/>
        <line num="90" count="18" type="stmt"/>
        <line num="92" count="18" type="stmt"/>
        <line num="93" count="18" type="stmt"/>
        <line num="96" count="18" type="stmt"/>
        <line num="97" count="38" type="stmt"/>
        <line num="98" count="38" type="stmt"/>
        <line num="99" count="38" type="stmt"/>
        <line num="101" count="38" type="stmt"/>
        <line num="102" count="38" type="stmt"/>
        <line num="103" count="108" type="stmt"/>
        <line num="105" count="108" type="cond" truecount="2" falsecount="0"/>
        <line num="106" count="74" type="stmt"/>
        <line num="107" count="74" type="stmt"/>
        <line num="109" count="74" type="cond" truecount="2" falsecount="0"/>
        <line num="110" count="32" type="stmt"/>
        <line num="112" count="32" type="cond" truecount="2" falsecount="0"/>
        <line num="113" count="14" type="stmt"/>
        <line num="114" count="14" type="stmt"/>
        <line num="115" count="18" type="cond" truecount="4" falsecount="0"/>
        <line num="116" count="8" type="stmt"/>
        <line num="117" count="8" type="stmt"/>
        <line num="119" count="10" type="stmt"/>
        <line num="124" count="10" type="stmt"/>
        <line num="127" count="32" type="stmt"/>
        <line num="132" count="38" type="cond" truecount="2" falsecount="0"/>
        <line num="133" count="32" type="stmt"/>
        <line num="138" count="18" type="stmt"/>
        <line num="139" count="6" type="cond" truecount="1" falsecount="1"/>
        <line num="140" count="6" type="stmt"/>
        <line num="141" count="6" type="stmt"/>
        <line num="146" count="18" type="stmt"/>
        <line num="147" count="6" type="cond" truecount="1" falsecount="1"/>
        <line num="148" count="6" type="stmt"/>
        <line num="149" count="6" type="stmt"/>
        <line num="153" count="18" type="stmt"/>
        <line num="156" count="8" type="stmt"/>
        <line num="158" count="8" type="stmt"/>
      </file>
      <file name="utils.js" path="/home/slava/hexlet/frontend-project-lvl2/src/utils.js">
        <metrics statements="11" coveredstatements="2" conditionals="4" coveredconditionals="0" methods="2" coveredmethods="0"/>
        <line num="5" count="1" type="stmt"/>
        <line num="6" count="0" type="stmt"/>
        <line num="7" count="0" type="stmt"/>
        <line num="9" count="0" type="cond" truecount="0" falsecount="2"/>
        <line num="10" count="0" type="stmt"/>
        <line num="14" count="0" type="stmt"/>
        <line num="18" count="1" type="stmt"/>
        <line num="19" count="0" type="stmt"/>
        <line num="20" count="0" type="cond" truecount="0" falsecount="2"/>
        <line num="21" count="0" type="stmt"/>
        <line num="24" count="0" type="stmt"/>
      </file>
    </package>
    <package name="src.formatters">
      <metrics statements="83" coveredstatements="79" conditionals="44" coveredconditionals="42" methods="8" coveredmethods="8"/>
      <file name="index.js" path="/home/slava/hexlet/frontend-project-lvl2/src/formatters/index.js">
        <metrics statements="8" coveredstatements="7" conditionals="6" coveredconditionals="5" methods="1" coveredmethods="1"/>
        <line num="6" count="1" type="stmt"/>
        <line num="7" count="9" type="cond" truecount="2" falsecount="0"/>
        <line num="8" count="3" type="stmt"/>
        <line num="11" count="6" type="cond" truecount="2" falsecount="0"/>
        <line num="12" count="3" type="stmt"/>
        <line num="15" count="3" type="cond" truecount="1" falsecount="1"/>
        <line num="16" count="3" type="stmt"/>
        <line num="19" count="0" type="stmt"/>
      </file>
      <file name="json.js" path="/home/slava/hexlet/frontend-project-lvl2/src/formatters/json.js">
        <metrics statements="3" coveredstatements="3" conditionals="0" coveredconditionals="0" methods="1" coveredmethods="1"/>
        <line num="3" count="1" type="stmt"/>
        <line num="4" count="3" type="stmt"/>
        <line num="6" count="3" type="stmt"/>
      </file>
      <file name="plain.js" path="/home/slava/hexlet/frontend-project-lvl2/src/formatters/plain.js">
        <metrics statements="29" coveredstatements="29" conditionals="18" coveredconditionals="18" methods="3" coveredmethods="3"/>
        <line num="6" count="1" type="stmt"/>
        <line num="7" count="3" type="stmt"/>
        <line num="8" count="17" type="stmt"/>
        <line num="11" count="17" type="cond" truecount="2" falsecount="0"/>
        <line num="12" count="12" type="stmt"/>
        <line num="16" count="12" type="cond" truecount="2" falsecount="0"/>
        <line num="17" count="9" type="stmt"/>
        <line num="19" count="3" type="stmt"/>
        <line num="23" count="12" type="cond" truecount="2" falsecount="0"/>
        <line num="27" count="5" type="cond" truecount="2" falsecount="0"/>
        <line num="28" count="3" type="cond" truecount="2" falsecount="0"/>
        <line num="29" count="1" type="stmt"/>
        <line num="31" count="2" type="stmt"/>
        <line num="34" count="3" type="cond" truecount="2" falsecount="0"/>
        <line num="35" count="2" type="stmt"/>
        <line num="37" count="1" type="stmt"/>
        <line num="40" count="3" type="stmt"/>
        <line num="42" count="2" type="stmt"/>
        <line num="47" count="12" type="cond" truecount="2" falsecount="0"/>
        <line num="48" count="2" type="stmt"/>
        <line num="52" count="12" type="cond" truecount="2" falsecount="0"/>
        <line num="53" count="3" type="cond" truecount="2" falsecount="0"/>
        <line num="54" count="2" type="stmt"/>
        <line num="56" count="1" type="stmt"/>
        <line num="61" count="5" type="stmt"/>
        <line num="62" count="12" type="stmt"/>
        <line num="66" count="17" type="stmt"/>
        <line num="69" count="3" type="stmt"/>
        <line num="71" count="3" type="stmt"/>
      </file>
      <file name="stylish.js" path="/home/slava/hexlet/frontend-project-lvl2/src/formatters/stylish.js">
        <metrics statements="43" coveredstatements="40" conditionals="20" coveredconditionals="19" methods="3" coveredmethods="3"/>
        <line num="5" count="1" type="stmt"/>
        <line num="6" count="3" type="stmt"/>
        <line num="7" count="11" type="stmt"/>
        <line num="9" count="11" type="stmt"/>
        <line num="10" count="21" type="stmt"/>
        <line num="13" count="21" type="cond" truecount="2" falsecount="0"/>
        <line num="14" count="11" type="cond" truecount="2" falsecount="0"/>
        <line num="15" count="9" type="stmt"/>
        <line num="17" count="2" type="stmt"/>
        <line num="18" count="2" type="stmt"/>
        <line num="19" count="2" type="stmt"/>
        <line num="24" count="21" type="cond" truecount="2" falsecount="0"/>
        <line num="25" count="2" type="cond" truecount="1" falsecount="1"/>
        <line num="26" count="2" type="stmt"/>
        <line num="28" count="0" type="stmt"/>
        <line num="29" count="0" type="stmt"/>
        <line num="30" count="0" type="stmt"/>
        <line num="35" count="21" type="cond" truecount="2" falsecount="0"/>
        <line num="36" count="3" type="cond" truecount="2" falsecount="0"/>
        <line num="37" count="2" type="stmt"/>
        <line num="39" count="1" type="stmt"/>
        <line num="40" count="1" type="stmt"/>
        <line num="41" count="1" type="stmt"/>
        <line num="46" count="21" type="cond" truecount="2" falsecount="0"/>
        <line num="47" count="5" type="cond" truecount="2" falsecount="0"/>
        <line num="48" count="2" type="stmt"/>
        <line num="49" count="2" type="stmt"/>
        <line num="50" count="2" type="stmt"/>
        <line num="52" count="3" type="cond" truecount="2" falsecount="0"/>
        <line num="53" count="1" type="stmt"/>
        <line num="55" count="2" type="stmt"/>
        <line num="56" count="2" type="stmt"/>
        <line num="57" count="2" type="stmt"/>
        <line num="60" count="3" type="cond" truecount="2" falsecount="0"/>
        <line num="61" count="2" type="stmt"/>
        <line num="63" count="1" type="stmt"/>
        <line num="64" count="1" type="stmt"/>
        <line num="65" count="1" type="stmt"/>
        <line num="70" count="21" type="stmt"/>
        <line num="73" count="11" type="stmt"/>
        <line num="76" count="3" type="stmt"/>
        <line num="77" count="3" type="stmt"/>
        <line num="79" count="3" type="stmt"/>
      </file>
    </package>
  </project>
</coverage>
