<?xml version="1.0" encoding="UTF-8"?>
<coverage generated="1591385351647" clover="3.2.0">
  <project timestamp="1591385351647" name="All files">
    <metrics statements="223" coveredstatements="179" conditionals="98" coveredconditionals="72" methods="29" coveredmethods="23" elements="350" coveredelements="274" complexity="0" loc="223" ncloc="223" packages="2" files="8" classes="8"/>
    <package name="formatters">
      <metrics statements="83" coveredstatements="73" conditionals="44" coveredconditionals="37" methods="8" coveredmethods="7"/>
      <file name="index.js" path="/home/slava/hexlet/frontend-project-lvl2/formatters/index.js">
        <metrics statements="8" coveredstatements="1" conditionals="6" coveredconditionals="0" methods="1" coveredmethods="0"/>
        <line num="6" count="1" type="stmt"/>
        <line num="7" count="0" type="cond" truecount="0" falsecount="2"/>
        <line num="8" count="0" type="stmt"/>
        <line num="11" count="0" type="cond" truecount="0" falsecount="2"/>
        <line num="12" count="0" type="stmt"/>
        <line num="15" count="0" type="cond" truecount="0" falsecount="2"/>
        <line num="16" count="0" type="stmt"/>
        <line num="19" count="0" type="stmt"/>
      </file>
      <file name="json.js" path="/home/slava/hexlet/frontend-project-lvl2/formatters/json.js">
        <metrics statements="3" coveredstatements="3" conditionals="0" coveredconditionals="0" methods="1" coveredmethods="1"/>
        <line num="3" count="1" type="stmt"/>
        <line num="4" count="1" type="stmt"/>
        <line num="6" count="1" type="stmt"/>
      </file>
      <file name="plain.js" path="/home/slava/hexlet/frontend-project-lvl2/formatters/plain.js">
        <metrics statements="29" coveredstatements="29" conditionals="18" coveredconditionals="18" methods="3" coveredmethods="3"/>
        <line num="6" count="1" type="stmt"/>
        <line num="7" count="3" type="stmt"/>
        <line num="8" count="60" type="stmt"/>
        <line num="11" count="60" type="cond" truecount="2" falsecount="0"/>
        <line num="12" count="48" type="stmt"/>
        <line num="16" count="48" type="cond" truecount="2" falsecount="0"/>
        <line num="17" count="36" type="stmt"/>
        <line num="19" count="12" type="stmt"/>
        <line num="23" count="48" type="cond" truecount="2" falsecount="0"/>
        <line num="27" count="18" type="cond" truecount="2" falsecount="0"/>
        <line num="28" count="9" type="cond" truecount="2" falsecount="0"/>
        <line num="29" count="6" type="stmt"/>
        <line num="31" count="3" type="stmt"/>
        <line num="34" count="9" type="cond" truecount="2" falsecount="0"/>
        <line num="35" count="6" type="stmt"/>
        <line num="37" count="3" type="stmt"/>
        <line num="40" count="9" type="stmt"/>
        <line num="42" count="9" type="stmt"/>
        <line num="47" count="48" type="cond" truecount="2" falsecount="0"/>
        <line num="48" count="6" type="stmt"/>
        <line num="52" count="48" type="cond" truecount="2" falsecount="0"/>
        <line num="53" count="15" type="cond" truecount="2" falsecount="0"/>
        <line num="54" count="9" type="stmt"/>
        <line num="56" count="6" type="stmt"/>
        <line num="61" count="12" type="stmt"/>
        <line num="62" count="48" type="stmt"/>
        <line num="66" count="60" type="stmt"/>
        <line num="69" count="3" type="stmt"/>
        <line num="71" count="3" type="stmt"/>
      </file>
      <file name="stylish.js" path="/home/slava/hexlet/frontend-project-lvl2/formatters/stylish.js">
        <metrics statements="43" coveredstatements="40" conditionals="20" coveredconditionals="19" methods="3" coveredmethods="3"/>
        <line num="5" count="1" type="stmt"/>
        <line num="6" count="10" type="stmt"/>
        <line num="7" count="34" type="stmt"/>
        <line num="9" count="34" type="stmt"/>
        <line num="10" count="86" type="stmt"/>
        <line num="13" count="86" type="cond" truecount="2" falsecount="0"/>
        <line num="14" count="32" type="cond" truecount="1" falsecount="1"/>
        <line num="15" count="32" type="stmt"/>
        <line num="17" count="0" type="stmt"/>
        <line num="18" count="0" type="stmt"/>
        <line num="19" count="0" type="stmt"/>
        <line num="24" count="86" type="cond" truecount="2" falsecount="0"/>
        <line num="25" count="13" type="cond" truecount="2" falsecount="0"/>
        <line num="26" count="10" type="stmt"/>
        <line num="28" count="3" type="stmt"/>
        <line num="29" count="3" type="stmt"/>
        <line num="30" count="3" type="stmt"/>
        <line num="35" count="86" type="cond" truecount="2" falsecount="0"/>
        <line num="36" count="19" type="cond" truecount="2" falsecount="0"/>
        <line num="37" count="13" type="stmt"/>
        <line num="39" count="6" type="stmt"/>
        <line num="40" count="6" type="stmt"/>
        <line num="41" count="6" type="stmt"/>
        <line num="46" count="86" type="cond" truecount="2" falsecount="0"/>
        <line num="47" count="22" type="cond" truecount="2" falsecount="0"/>
        <line num="48" count="9" type="stmt"/>
        <line num="49" count="9" type="stmt"/>
        <line num="50" count="9" type="stmt"/>
        <line num="52" count="13" type="cond" truecount="2" falsecount="0"/>
        <line num="53" count="10" type="stmt"/>
        <line num="55" count="3" type="stmt"/>
        <line num="56" count="3" type="stmt"/>
        <line num="57" count="3" type="stmt"/>
        <line num="60" count="13" type="cond" truecount="2" falsecount="0"/>
        <line num="61" count="10" type="stmt"/>
        <line num="63" count="3" type="stmt"/>
        <line num="64" count="3" type="stmt"/>
        <line num="65" count="3" type="stmt"/>
        <line num="70" count="86" type="stmt"/>
        <line num="73" count="34" type="stmt"/>
        <line num="76" count="10" type="stmt"/>
        <line num="77" count="10" type="stmt"/>
        <line num="79" count="10" type="stmt"/>
      </file>
    </package>
    <package name="src">
      <metrics statements="140" coveredstatements="106" conditionals="54" coveredconditionals="35" methods="21" coveredmethods="16"/>
      <file name="getdiff.js" path="/home/slava/hexlet/frontend-project-lvl2/src/getdiff.js">
        <metrics statements="38" coveredstatements="16" conditionals="14" coveredconditionals="3" methods="4" coveredmethods="1"/>
        <line num="9" count="1" type="stmt"/>
        <line num="10" count="10" type="cond" truecount="3" falsecount="1"/>
        <line num="12" count="4" type="stmt"/>
        <line num="13" count="4" type="stmt"/>
        <line num="14" count="4" type="stmt"/>
        <line num="16" count="4" type="stmt"/>
        <line num="19" count="3" type="stmt"/>
        <line num="20" count="3" type="stmt"/>
        <line num="21" count="3" type="stmt"/>
        <line num="23" count="3" type="stmt"/>
        <line num="26" count="3" type="stmt"/>
        <line num="27" count="3" type="stmt"/>
        <line num="28" count="3" type="stmt"/>
        <line num="30" count="3" type="stmt"/>
        <line num="33" count="0" type="stmt"/>
        <line num="38" count="1" type="stmt"/>
        <line num="39" count="0" type="stmt"/>
        <line num="40" count="0" type="stmt"/>
        <line num="42" count="0" type="cond" truecount="0" falsecount="2"/>
        <line num="43" count="0" type="stmt"/>
        <line num="44" count="0" type="stmt"/>
        <line num="47" count="0" type="stmt"/>
        <line num="48" count="0" type="stmt"/>
        <line num="50" count="0" type="cond" truecount="0" falsecount="4"/>
        <line num="51" count="0" type="stmt"/>
        <line num="52" count="0" type="stmt"/>
        <line num="55" count="0" type="stmt"/>
        <line num="56" count="0" type="cond" truecount="0" falsecount="2"/>
        <line num="57" count="0" type="stmt"/>
        <line num="58" count="0" type="stmt"/>
        <line num="61" count="0" type="stmt"/>
        <line num="62" count="0" type="cond" truecount="0" falsecount="2"/>
        <line num="63" count="0" type="stmt"/>
        <line num="64" count="0" type="stmt"/>
        <line num="66" count="0" type="stmt"/>
        <line num="70" count="1" type="stmt"/>
        <line num="71" count="0" type="stmt"/>
        <line num="78" count="0" type="stmt"/>
      </file>
      <file name="parsers.js" path="/home/slava/hexlet/frontend-project-lvl2/src/parsers.js">
        <metrics statements="18" coveredstatements="18" conditionals="6" coveredconditionals="6" methods="5" coveredmethods="5"/>
        <line num="6" count="9" type="stmt"/>
        <line num="9" count="1" type="stmt"/>
        <line num="10" count="7" type="stmt"/>
        <line num="12" count="7" type="cond" truecount="2" falsecount="0"/>
        <line num="13" count="4" type="stmt"/>
        <line num="16" count="3" type="stmt"/>
        <line num="17" count="11" type="stmt"/>
        <line num="18" count="11" type="stmt"/>
        <line num="20" count="11" type="stmt"/>
        <line num="25" count="1" type="stmt"/>
        <line num="26" count="7" type="stmt"/>
        <line num="28" count="7" type="stmt"/>
        <line num="29" count="23" type="stmt"/>
        <line num="31" count="23" type="cond" truecount="2" falsecount="0"/>
        <line num="32" count="8" type="cond" truecount="2" falsecount="0"/>
        <line num="34" count="8" type="stmt"/>
        <line num="37" count="15" type="stmt"/>
        <line num="39" count="15" type="stmt"/>
      </file>
      <file name="trees.js" path="/home/slava/hexlet/frontend-project-lvl2/src/trees.js">
        <metrics statements="73" coveredstatements="70" conditionals="30" coveredconditionals="26" methods="10" coveredmethods="10"/>
        <line num="4" count="459" type="stmt"/>
        <line num="7" count="459" type="stmt"/>
        <line num="10" count="1" type="stmt"/>
        <line num="11" count="124" type="cond" truecount="3" falsecount="1"/>
        <line num="13" count="64" type="stmt"/>
        <line num="15" count="21" type="stmt"/>
        <line num="17" count="39" type="stmt"/>
        <line num="19" count="0" type="stmt"/>
        <line num="24" count="1" type="stmt"/>
        <line num="26" count="95" type="cond" truecount="2" falsecount="0"/>
        <line num="27" count="74" type="stmt"/>
        <line num="28" count="74" type="stmt"/>
        <line num="31" count="74" type="cond" truecount="2" falsecount="0"/>
        <line num="32" count="53" type="stmt"/>
        <line num="36" count="21" type="stmt"/>
        <line num="40" count="21" type="stmt"/>
        <line num="42" count="21" type="stmt"/>
        <line num="44" count="21" type="stmt"/>
        <line num="45" count="21" type="stmt"/>
        <line num="46" count="21" type="stmt"/>
        <line num="49" count="21" type="cond" truecount="1" falsecount="1"/>
        <line num="50" count="21" type="stmt"/>
        <line num="51" count="21" type="stmt"/>
        <line num="54" count="0" type="stmt"/>
        <line num="55" count="0" type="stmt"/>
        <line num="59" count="21" type="stmt"/>
        <line num="63" count="1" type="stmt"/>
        <line num="67" count="25" type="cond" truecount="2" falsecount="0"/>
        <line num="68" count="18" type="stmt"/>
        <line num="70" count="7" type="stmt"/>
        <line num="73" count="25" type="cond" truecount="2" falsecount="0"/>
        <line num="74" count="18" type="stmt"/>
        <line num="76" count="7" type="stmt"/>
        <line num="79" count="25" type="stmt"/>
        <line num="88" count="1" type="stmt"/>
        <line num="89" count="14" type="stmt"/>
        <line num="90" count="35" type="stmt"/>
        <line num="92" count="35" type="stmt"/>
        <line num="93" count="35" type="stmt"/>
        <line num="96" count="35" type="stmt"/>
        <line num="97" count="96" type="stmt"/>
        <line num="98" count="96" type="stmt"/>
        <line num="99" count="96" type="stmt"/>
        <line num="101" count="96" type="stmt"/>
        <line num="102" count="96" type="stmt"/>
        <line num="103" count="356" type="stmt"/>
        <line num="105" count="356" type="cond" truecount="2" falsecount="0"/>
        <line num="106" count="268" type="stmt"/>
        <line num="107" count="268" type="stmt"/>
        <line num="109" count="268" type="cond" truecount="2" falsecount="0"/>
        <line num="110" count="75" type="stmt"/>
        <line num="112" count="75" type="cond" truecount="2" falsecount="0"/>
        <line num="113" count="29" type="stmt"/>
        <line num="114" count="29" type="stmt"/>
        <line num="115" count="46" type="cond" truecount="4" falsecount="0"/>
        <line num="116" count="25" type="stmt"/>
        <line num="117" count="25" type="stmt"/>
        <line num="119" count="21" type="stmt"/>
        <line num="124" count="21" type="stmt"/>
        <line num="127" count="75" type="stmt"/>
        <line num="132" count="96" type="cond" truecount="2" falsecount="0"/>
        <line num="133" count="75" type="stmt"/>
        <line num="138" count="35" type="stmt"/>
        <line num="139" count="21" type="cond" truecount="1" falsecount="1"/>
        <line num="140" count="21" type="stmt"/>
        <line num="141" count="21" type="stmt"/>
        <line num="146" count="35" type="stmt"/>
        <line num="147" count="39" type="cond" truecount="1" falsecount="1"/>
        <line num="148" count="39" type="stmt"/>
        <line num="149" count="39" type="stmt"/>
        <line num="153" count="35" type="stmt"/>
        <line num="156" count="14" type="stmt"/>
        <line num="158" count="14" type="stmt"/>
      </file>
      <file name="utils.js" path="/home/slava/hexlet/frontend-project-lvl2/src/utils.js">
        <metrics statements="11" coveredstatements="2" conditionals="4" coveredconditionals="0" methods="2" coveredmethods="0"/>
        <line num="5" count="1" type="stmt"/>
        <line num="6" count="0" type="stmt"/>
        <line num="7" count="0" type="stmt"/>
        <line num="9" count="0" type="cond" truecount="0" falsecount="2"/>
        <line num="10" count="0" type="stmt"/>
        <line num="14" count="0" type="stmt"/>
        <line num="18" count="1" type="stmt"/>
        <line num="19" count="0" type="stmt"/>
        <line num="20" count="0" type="cond" truecount="0" falsecount="2"/>
        <line num="21" count="0" type="stmt"/>
        <line num="24" count="0" type="stmt"/>
      </file>
    </package>
  </project>
</coverage>
