{"/home/slava/hexlet/frontend-project-lvl2/formatters/index.js": {"path":"/home/slava/hexlet/frontend-project-lvl2/formatters/index.js","statementMap":{"0":{"start":{"line":6,"column":21},"end":{"line":20,"column":1}},"1":{"start":{"line":7,"column":2},"end":{"line":9,"column":3}},"2":{"start":{"line":8,"column":4},"end":{"line":8,"column":34}},"3":{"start":{"line":11,"column":2},"end":{"line":13,"column":3}},"4":{"start":{"line":12,"column":4},"end":{"line":12,"column":32}},"5":{"start":{"line":15,"column":2},"end":{"line":17,"column":3}},"6":{"start":{"line":16,"column":4},"end":{"line":16,"column":31}},"7":{"start":{"line":19,"column":2},"end":{"line":19,"column":14}}},"fnMap":{"0":{"name":"(anonymous_0)","decl":{"start":{"line":6,"column":21},"end":{"line":6,"column":22}},"loc":{"start":{"line":6,"column":36},"end":{"line":20,"column":1}},"line":6}},"branchMap":{"0":{"loc":{"start":{"line":7,"column":2},"end":{"line":9,"column":3}},"type":"if","locations":[{"start":{"line":7,"column":2},"end":{"line":9,"column":3}},{"start":{"line":7,"column":2},"end":{"line":9,"column":3}}],"line":7},"1":{"loc":{"start":{"line":11,"column":2},"end":{"line":13,"column":3}},"type":"if","locations":[{"start":{"line":11,"column":2},"end":{"line":13,"column":3}},{"start":{"line":11,"column":2},"end":{"line":13,"column":3}}],"line":11},"2":{"loc":{"start":{"line":15,"column":2},"end":{"line":17,"column":3}},"type":"if","locations":[{"start":{"line":15,"column":2},"end":{"line":17,"column":3}},{"start":{"line":15,"column":2},"end":{"line":17,"column":3}}],"line":15}},"s":{"0":1,"1":0,"2":0,"3":0,"4":0,"5":0,"6":0,"7":0},"f":{"0":0},"b":{"0":[0,0],"1":[0,0],"2":[0,0]},"_coverageSchema":"1a1c01bbd47fc00a2c39e90264f33305004495a9","hash":"817993765749df3b9b9aa061c02fdaca47ad954f"}
,"/home/slava/hexlet/frontend-project-lvl2/formatters/json.js": {"path":"/home/slava/hexlet/frontend-project-lvl2/formatters/json.js","statementMap":{"0":{"start":{"line":3,"column":28},"end":{"line":7,"column":1}},"1":{"start":{"line":4,"column":17},"end":{"line":4,"column":50}},"2":{"start":{"line":6,"column":2},"end":{"line":6,"column":16}}},"fnMap":{"0":{"name":"(anonymous_0)","decl":{"start":{"line":3,"column":28},"end":{"line":3,"column":29}},"loc":{"start":{"line":3,"column":42},"end":{"line":7,"column":1}},"line":3}},"branchMap":{},"s":{"0":1,"1":1,"2":1},"f":{"0":1},"b":{},"_coverageSchema":"1a1c01bbd47fc00a2c39e90264f33305004495a9","hash":"3b7b0d18de7ec58dc19795681decf34d793d2caa"}
,"/home/slava/hexlet/frontend-project-lvl2/formatters/plain.js": {"path":"/home/slava/hexlet/frontend-project-lvl2/formatters/plain.js","statementMap":{"0":{"start":{"line":6,"column":29},"end":{"line":72,"column":1}},"1":{"start":{"line":7,"column":33},"end":{"line":67,"column":3}},"2":{"start":{"line":8,"column":17},"end":{"line":8,"column":26}},"3":{"start":{"line":11,"column":4},"end":{"line":64,"column":5}},"4":{"start":{"line":12,"column":36},"end":{"line":12,"column":47}},"5":{"start":{"line":16,"column":6},"end":{"line":20,"column":7}},"6":{"start":{"line":17,"column":8},"end":{"line":17,"column":43}},"7":{"start":{"line":19,"column":8},"end":{"line":19,"column":29}},"8":{"start":{"line":23,"column":6},"end":{"line":44,"column":7}},"9":{"start":{"line":27,"column":8},"end":{"line":43,"column":9}},"10":{"start":{"line":28,"column":10},"end":{"line":32,"column":11}},"11":{"start":{"line":29,"column":12},"end":{"line":29,"column":43}},"12":{"start":{"line":31,"column":12},"end":{"line":31,"column":44}},"13":{"start":{"line":34,"column":10},"end":{"line":38,"column":11}},"14":{"start":{"line":35,"column":12},"end":{"line":35,"column":41}},"15":{"start":{"line":37,"column":12},"end":{"line":37,"column":43}},"16":{"start":{"line":40,"column":10},"end":{"line":40,"column":96}},"17":{"start":{"line":42,"column":10},"end":{"line":42,"column":71}},"18":{"start":{"line":47,"column":6},"end":{"line":49,"column":7}},"19":{"start":{"line":48,"column":8},"end":{"line":48,"column":57}},"20":{"start":{"line":52,"column":6},"end":{"line":58,"column":7}},"21":{"start":{"line":53,"column":8},"end":{"line":57,"column":9}},"22":{"start":{"line":54,"column":10},"end":{"line":54,"column":78}},"23":{"start":{"line":56,"column":10},"end":{"line":56,"column":85}},"24":{"start":{"line":61,"column":6},"end":{"line":63,"column":9}},"25":{"start":{"line":62,"column":8},"end":{"line":62,"column":70}},"26":{"start":{"line":66,"column":4},"end":{"line":66,"column":18}},"27":{"start":{"line":69,"column":30},"end":{"line":69,"column":70}},"28":{"start":{"line":71,"column":2},"end":{"line":71,"column":29}}},"fnMap":{"0":{"name":"(anonymous_0)","decl":{"start":{"line":6,"column":29},"end":{"line":6,"column":30}},"loc":{"start":{"line":6,"column":43},"end":{"line":72,"column":1}},"line":6},"1":{"name":"(anonymous_1)","decl":{"start":{"line":7,"column":33},"end":{"line":7,"column":34}},"loc":{"start":{"line":7,"column":66},"end":{"line":67,"column":3}},"line":7},"2":{"name":"(anonymous_2)","decl":{"start":{"line":61,"column":19},"end":{"line":61,"column":20}},"loc":{"start":{"line":61,"column":29},"end":{"line":63,"column":7}},"line":61}},"branchMap":{"0":{"loc":{"start":{"line":11,"column":4},"end":{"line":64,"column":5}},"type":"if","locations":[{"start":{"line":11,"column":4},"end":{"line":64,"column":5}},{"start":{"line":11,"column":4},"end":{"line":64,"column":5}}],"line":11},"1":{"loc":{"start":{"line":16,"column":6},"end":{"line":20,"column":7}},"type":"if","locations":[{"start":{"line":16,"column":6},"end":{"line":20,"column":7}},{"start":{"line":16,"column":6},"end":{"line":20,"column":7}}],"line":16},"2":{"loc":{"start":{"line":23,"column":6},"end":{"line":44,"column":7}},"type":"if","locations":[{"start":{"line":23,"column":6},"end":{"line":44,"column":7}},{"start":{"line":23,"column":6},"end":{"line":44,"column":7}}],"line":23},"3":{"loc":{"start":{"line":27,"column":8},"end":{"line":43,"column":9}},"type":"if","locations":[{"start":{"line":27,"column":8},"end":{"line":43,"column":9}},{"start":{"line":27,"column":8},"end":{"line":43,"column":9}}],"line":27},"4":{"loc":{"start":{"line":28,"column":10},"end":{"line":32,"column":11}},"type":"if","locations":[{"start":{"line":28,"column":10},"end":{"line":32,"column":11}},{"start":{"line":28,"column":10},"end":{"line":32,"column":11}}],"line":28},"5":{"loc":{"start":{"line":34,"column":10},"end":{"line":38,"column":11}},"type":"if","locations":[{"start":{"line":34,"column":10},"end":{"line":38,"column":11}},{"start":{"line":34,"column":10},"end":{"line":38,"column":11}}],"line":34},"6":{"loc":{"start":{"line":47,"column":6},"end":{"line":49,"column":7}},"type":"if","locations":[{"start":{"line":47,"column":6},"end":{"line":49,"column":7}},{"start":{"line":47,"column":6},"end":{"line":49,"column":7}}],"line":47},"7":{"loc":{"start":{"line":52,"column":6},"end":{"line":58,"column":7}},"type":"if","locations":[{"start":{"line":52,"column":6},"end":{"line":58,"column":7}},{"start":{"line":52,"column":6},"end":{"line":58,"column":7}}],"line":52},"8":{"loc":{"start":{"line":53,"column":8},"end":{"line":57,"column":9}},"type":"if","locations":[{"start":{"line":53,"column":8},"end":{"line":57,"column":9}},{"start":{"line":53,"column":8},"end":{"line":57,"column":9}}],"line":53}},"s":{"0":1,"1":3,"2":60,"3":60,"4":48,"5":48,"6":36,"7":12,"8":48,"9":18,"10":9,"11":6,"12":3,"13":9,"14":6,"15":3,"16":9,"17":9,"18":48,"19":6,"20":48,"21":15,"22":9,"23":6,"24":12,"25":48,"26":60,"27":3,"28":3},"f":{"0":3,"1":60,"2":48},"b":{"0":[48,12],"1":[36,12],"2":[18,30],"3":[9,9],"4":[6,3],"5":[6,3],"6":[6,42],"7":[15,33],"8":[9,6]},"_coverageSchema":"1a1c01bbd47fc00a2c39e90264f33305004495a9","hash":"1e25608a8e24a5b2bade6408c408b4bb20f744d7"}
,"/home/slava/hexlet/frontend-project-lvl2/formatters/stylish.js": {"path":"/home/slava/hexlet/frontend-project-lvl2/formatters/stylish.js","statementMap":{"0":{"start":{"line":5,"column":31},"end":{"line":80,"column":1}},"1":{"start":{"line":6,"column":35},"end":{"line":74,"column":3}},"2":{"start":{"line":7,"column":23},"end":{"line":7,"column":29}},"3":{"start":{"line":9,"column":19},"end":{"line":71,"column":10}},"4":{"start":{"line":10,"column":22},"end":{"line":10,"column":26}},"5":{"start":{"line":13,"column":6},"end":{"line":21,"column":7}},"6":{"start":{"line":14,"column":8},"end":{"line":20,"column":9}},"7":{"start":{"line":15,"column":10},"end":{"line":15,"column":67}},"8":{"start":{"line":17,"column":10},"end":{"line":17,"column":55}},"9":{"start":{"line":18,"column":10},"end":{"line":18,"column":82}},"10":{"start":{"line":19,"column":10},"end":{"line":19,"column":41}},"11":{"start":{"line":24,"column":6},"end":{"line":32,"column":7}},"12":{"start":{"line":25,"column":8},"end":{"line":31,"column":9}},"13":{"start":{"line":26,"column":10},"end":{"line":26,"column":67}},"14":{"start":{"line":28,"column":10},"end":{"line":28,"column":55}},"15":{"start":{"line":29,"column":10},"end":{"line":29,"column":82}},"16":{"start":{"line":30,"column":10},"end":{"line":30,"column":41}},"17":{"start":{"line":35,"column":6},"end":{"line":43,"column":7}},"18":{"start":{"line":36,"column":8},"end":{"line":42,"column":9}},"19":{"start":{"line":37,"column":10},"end":{"line":37,"column":67}},"20":{"start":{"line":39,"column":10},"end":{"line":39,"column":55}},"21":{"start":{"line":40,"column":10},"end":{"line":40,"column":82}},"22":{"start":{"line":41,"column":10},"end":{"line":41,"column":41}},"23":{"start":{"line":46,"column":6},"end":{"line":68,"column":7}},"24":{"start":{"line":47,"column":8},"end":{"line":67,"column":9}},"25":{"start":{"line":48,"column":10},"end":{"line":48,"column":55}},"26":{"start":{"line":49,"column":10},"end":{"line":49,"column":82}},"27":{"start":{"line":50,"column":10},"end":{"line":50,"column":41}},"28":{"start":{"line":52,"column":10},"end":{"line":58,"column":11}},"29":{"start":{"line":53,"column":12},"end":{"line":53,"column":75}},"30":{"start":{"line":55,"column":12},"end":{"line":55,"column":57}},"31":{"start":{"line":56,"column":12},"end":{"line":56,"column":90}},"32":{"start":{"line":57,"column":12},"end":{"line":57,"column":43}},"33":{"start":{"line":60,"column":10},"end":{"line":66,"column":11}},"34":{"start":{"line":61,"column":12},"end":{"line":61,"column":74}},"35":{"start":{"line":63,"column":12},"end":{"line":63,"column":57}},"36":{"start":{"line":64,"column":12},"end":{"line":64,"column":89}},"37":{"start":{"line":65,"column":12},"end":{"line":65,"column":43}},"38":{"start":{"line":70,"column":6},"end":{"line":70,"column":23}},"39":{"start":{"line":73,"column":4},"end":{"line":73,"column":18}},"40":{"start":{"line":76,"column":18},"end":{"line":76,"column":22}},"41":{"start":{"line":77,"column":32},"end":{"line":77,"column":84}},"42":{"start":{"line":79,"column":2},"end":{"line":79,"column":31}}},"fnMap":{"0":{"name":"(anonymous_0)","decl":{"start":{"line":5,"column":31},"end":{"line":5,"column":32}},"loc":{"start":{"line":5,"column":45},"end":{"line":80,"column":1}},"line":5},"1":{"name":"(anonymous_1)","decl":{"start":{"line":6,"column":35},"end":{"line":6,"column":36}},"loc":{"start":{"line":6,"column":54},"end":{"line":74,"column":3}},"line":6},"2":{"name":"(anonymous_2)","decl":{"start":{"line":9,"column":31},"end":{"line":9,"column":32}},"loc":{"start":{"line":9,"column":47},"end":{"line":71,"column":5}},"line":9}},"branchMap":{"0":{"loc":{"start":{"line":13,"column":6},"end":{"line":21,"column":7}},"type":"if","locations":[{"start":{"line":13,"column":6},"end":{"line":21,"column":7}},{"start":{"line":13,"column":6},"end":{"line":21,"column":7}}],"line":13},"1":{"loc":{"start":{"line":14,"column":8},"end":{"line":20,"column":9}},"type":"if","locations":[{"start":{"line":14,"column":8},"end":{"line":20,"column":9}},{"start":{"line":14,"column":8},"end":{"line":20,"column":9}}],"line":14},"2":{"loc":{"start":{"line":24,"column":6},"end":{"line":32,"column":7}},"type":"if","locations":[{"start":{"line":24,"column":6},"end":{"line":32,"column":7}},{"start":{"line":24,"column":6},"end":{"line":32,"column":7}}],"line":24},"3":{"loc":{"start":{"line":25,"column":8},"end":{"line":31,"column":9}},"type":"if","locations":[{"start":{"line":25,"column":8},"end":{"line":31,"column":9}},{"start":{"line":25,"column":8},"end":{"line":31,"column":9}}],"line":25},"4":{"loc":{"start":{"line":35,"column":6},"end":{"line":43,"column":7}},"type":"if","locations":[{"start":{"line":35,"column":6},"end":{"line":43,"column":7}},{"start":{"line":35,"column":6},"end":{"line":43,"column":7}}],"line":35},"5":{"loc":{"start":{"line":36,"column":8},"end":{"line":42,"column":9}},"type":"if","locations":[{"start":{"line":36,"column":8},"end":{"line":42,"column":9}},{"start":{"line":36,"column":8},"end":{"line":42,"column":9}}],"line":36},"6":{"loc":{"start":{"line":46,"column":6},"end":{"line":68,"column":7}},"type":"if","locations":[{"start":{"line":46,"column":6},"end":{"line":68,"column":7}},{"start":{"line":46,"column":6},"end":{"line":68,"column":7}}],"line":46},"7":{"loc":{"start":{"line":47,"column":8},"end":{"line":67,"column":9}},"type":"if","locations":[{"start":{"line":47,"column":8},"end":{"line":67,"column":9}},{"start":{"line":47,"column":8},"end":{"line":67,"column":9}}],"line":47},"8":{"loc":{"start":{"line":52,"column":10},"end":{"line":58,"column":11}},"type":"if","locations":[{"start":{"line":52,"column":10},"end":{"line":58,"column":11}},{"start":{"line":52,"column":10},"end":{"line":58,"column":11}}],"line":52},"9":{"loc":{"start":{"line":60,"column":10},"end":{"line":66,"column":11}},"type":"if","locations":[{"start":{"line":60,"column":10},"end":{"line":66,"column":11}},{"start":{"line":60,"column":10},"end":{"line":66,"column":11}}],"line":60}},"s":{"0":1,"1":10,"2":34,"3":34,"4":86,"5":86,"6":32,"7":32,"8":0,"9":0,"10":0,"11":86,"12":13,"13":10,"14":3,"15":3,"16":3,"17":86,"18":19,"19":13,"20":6,"21":6,"22":6,"23":86,"24":22,"25":9,"26":9,"27":9,"28":13,"29":10,"30":3,"31":3,"32":3,"33":13,"34":10,"35":3,"36":3,"37":3,"38":86,"39":34,"40":10,"41":10,"42":10},"f":{"0":10,"1":34,"2":86},"b":{"0":[32,54],"1":[32,0],"2":[13,73],"3":[10,3],"4":[19,67],"5":[13,6],"6":[22,64],"7":[9,13],"8":[10,3],"9":[10,3]},"_coverageSchema":"1a1c01bbd47fc00a2c39e90264f33305004495a9","hash":"4203f69634d7c1a209ed8dbac392a93e1ab9d8dd"}
,"/home/slava/hexlet/frontend-project-lvl2/src/getdiff.js": {"path":"/home/slava/hexlet/frontend-project-lvl2/src/getdiff.js","statementMap":{"0":{"start":{"line":9,"column":16},"end":{"line":35,"column":1}},"1":{"start":{"line":10,"column":2},"end":{"line":34,"column":3}},"2":{"start":{"line":12,"column":22},"end":{"line":12,"column":48}},"3":{"start":{"line":13,"column":22},"end":{"line":13,"column":48}},"4":{"start":{"line":14,"column":23},"end":{"line":14,"column":52}},"5":{"start":{"line":16,"column":6},"end":{"line":16,"column":22}},"6":{"start":{"line":19,"column":22},"end":{"line":19,"column":48}},"7":{"start":{"line":20,"column":22},"end":{"line":20,"column":48}},"8":{"start":{"line":21,"column":23},"end":{"line":21,"column":52}},"9":{"start":{"line":23,"column":6},"end":{"line":23,"column":22}},"10":{"start":{"line":26,"column":22},"end":{"line":26,"column":47}},"11":{"start":{"line":27,"column":22},"end":{"line":27,"column":47}},"12":{"start":{"line":28,"column":23},"end":{"line":28,"column":52}},"13":{"start":{"line":30,"column":6},"end":{"line":30,"column":22}},"14":{"start":{"line":33,"column":6},"end":{"line":33,"column":18}},"15":{"start":{"line":38,"column":17},"end":{"line":67,"column":1}},"16":{"start":{"line":39,"column":20},"end":{"line":39,"column":45}},"17":{"start":{"line":40,"column":20},"end":{"line":40,"column":45}},"18":{"start":{"line":42,"column":2},"end":{"line":45,"column":3}},"19":{"start":{"line":43,"column":4},"end":{"line":43,"column":66}},"20":{"start":{"line":44,"column":4},"end":{"line":44,"column":11}},"21":{"start":{"line":47,"column":22},"end":{"line":47,"column":43}},"22":{"start":{"line":48,"column":22},"end":{"line":48,"column":43}},"23":{"start":{"line":50,"column":2},"end":{"line":53,"column":3}},"24":{"start":{"line":51,"column":4},"end":{"line":51,"column":39}},"25":{"start":{"line":52,"column":4},"end":{"line":52,"column":11}},"26":{"start":{"line":55,"column":19},"end":{"line":55,"column":63}},"27":{"start":{"line":56,"column":2},"end":{"line":59,"column":3}},"28":{"start":{"line":57,"column":4},"end":{"line":57,"column":57}},"29":{"start":{"line":58,"column":4},"end":{"line":58,"column":11}},"30":{"start":{"line":61,"column":20},"end":{"line":61,"column":44}},"31":{"start":{"line":62,"column":2},"end":{"line":65,"column":3}},"32":{"start":{"line":63,"column":4},"end":{"line":63,"column":48}},"33":{"start":{"line":64,"column":4},"end":{"line":64,"column":11}},"34":{"start":{"line":66,"column":2},"end":{"line":66,"column":35}},"35":{"start":{"line":70,"column":16},"end":{"line":81,"column":1}},"36":{"start":{"line":71,"column":2},"end":{"line":80,"column":19}},"37":{"start":{"line":78,"column":6},"end":{"line":78,"column":58}}},"fnMap":{"0":{"name":"(anonymous_0)","decl":{"start":{"line":9,"column":16},"end":{"line":9,"column":17}},"loc":{"start":{"line":9,"column":57},"end":{"line":35,"column":1}},"line":9},"1":{"name":"(anonymous_1)","decl":{"start":{"line":38,"column":17},"end":{"line":38,"column":18}},"loc":{"start":{"line":38,"column":59},"end":{"line":67,"column":1}},"line":38},"2":{"name":"(anonymous_2)","decl":{"start":{"line":70,"column":16},"end":{"line":70,"column":17}},"loc":{"start":{"line":70,"column":28},"end":{"line":81,"column":1}},"line":70},"3":{"name":"(anonymous_3)","decl":{"start":{"line":77,"column":12},"end":{"line":77,"column":13}},"loc":{"start":{"line":77,"column":43},"end":{"line":79,"column":5}},"line":77}},"branchMap":{"0":{"loc":{"start":{"line":10,"column":2},"end":{"line":34,"column":3}},"type":"switch","locations":[{"start":{"line":11,"column":4},"end":{"line":17,"column":5}},{"start":{"line":18,"column":4},"end":{"line":24,"column":5}},{"start":{"line":25,"column":4},"end":{"line":31,"column":5}},{"start":{"line":32,"column":4},"end":{"line":33,"column":18}}],"line":10},"1":{"loc":{"start":{"line":42,"column":2},"end":{"line":45,"column":3}},"type":"if","locations":[{"start":{"line":42,"column":2},"end":{"line":45,"column":3}},{"start":{"line":42,"column":2},"end":{"line":45,"column":3}}],"line":42},"2":{"loc":{"start":{"line":50,"column":2},"end":{"line":53,"column":3}},"type":"if","locations":[{"start":{"line":50,"column":2},"end":{"line":53,"column":3}},{"start":{"line":50,"column":2},"end":{"line":53,"column":3}}],"line":50},"3":{"loc":{"start":{"line":50,"column":6},"end":{"line":50,"column":34}},"type":"binary-expr","locations":[{"start":{"line":50,"column":6},"end":{"line":50,"column":18}},{"start":{"line":50,"column":22},"end":{"line":50,"column":34}}],"line":50},"4":{"loc":{"start":{"line":56,"column":2},"end":{"line":59,"column":3}},"type":"if","locations":[{"start":{"line":56,"column":2},"end":{"line":59,"column":3}},{"start":{"line":56,"column":2},"end":{"line":59,"column":3}}],"line":56},"5":{"loc":{"start":{"line":62,"column":2},"end":{"line":65,"column":3}},"type":"if","locations":[{"start":{"line":62,"column":2},"end":{"line":65,"column":3}},{"start":{"line":62,"column":2},"end":{"line":65,"column":3}}],"line":62}},"s":{"0":1,"1":10,"2":4,"3":4,"4":4,"5":4,"6":3,"7":3,"8":3,"9":3,"10":3,"11":3,"12":3,"13":3,"14":0,"15":1,"16":0,"17":0,"18":0,"19":0,"20":0,"21":0,"22":0,"23":0,"24":0,"25":0,"26":0,"27":0,"28":0,"29":0,"30":0,"31":0,"32":0,"33":0,"34":0,"35":1,"36":0,"37":0},"f":{"0":10,"1":0,"2":0,"3":0},"b":{"0":[4,3,3,0],"1":[0,0],"2":[0,0],"3":[0,0],"4":[0,0],"5":[0,0]},"_coverageSchema":"1a1c01bbd47fc00a2c39e90264f33305004495a9","hash":"a50d4093a5f6e7bccc47bbc1edc3a757826456ac"}
,"/home/slava/hexlet/frontend-project-lvl2/src/parsers.js": {"path":"/home/slava/hexlet/frontend-project-lvl2/src/parsers.js","statementMap":{"0":{"start":{"line":6,"column":22},"end":{"line":6,"column":48}},"1":{"start":{"line":6,"column":32},"end":{"line":6,"column":48}},"2":{"start":{"line":9,"column":22},"end":{"line":22,"column":1}},"3":{"start":{"line":10,"column":23},"end":{"line":10,"column":42}},"4":{"start":{"line":12,"column":2},"end":{"line":14,"column":3}},"5":{"start":{"line":13,"column":4},"end":{"line":13,"column":24}},"6":{"start":{"line":16,"column":2},"end":{"line":21,"column":9}},"7":{"start":{"line":17,"column":25},"end":{"line":17,"column":48}},"8":{"start":{"line":18,"column":4},"end":{"line":18,"column":21}},"9":{"start":{"line":20,"column":4},"end":{"line":20,"column":15}},"10":{"start":{"line":25,"column":21},"end":{"line":41,"column":1}},"11":{"start":{"line":26,"column":23},"end":{"line":26,"column":55}},"12":{"start":{"line":28,"column":2},"end":{"line":40,"column":9}},"13":{"start":{"line":29,"column":25},"end":{"line":29,"column":34}},"14":{"start":{"line":31,"column":4},"end":{"line":35,"column":5}},"15":{"start":{"line":32,"column":6},"end":{"line":32,"column":55}},"16":{"start":{"line":34,"column":6},"end":{"line":34,"column":17}},"17":{"start":{"line":37,"column":4},"end":{"line":37,"column":21}},"18":{"start":{"line":39,"column":4},"end":{"line":39,"column":15}}},"fnMap":{"0":{"name":"(anonymous_0)","decl":{"start":{"line":6,"column":22},"end":{"line":6,"column":23}},"loc":{"start":{"line":6,"column":32},"end":{"line":6,"column":48}},"line":6},"1":{"name":"(anonymous_1)","decl":{"start":{"line":9,"column":22},"end":{"line":9,"column":23}},"loc":{"start":{"line":9,"column":32},"end":{"line":22,"column":1}},"line":9},"2":{"name":"(anonymous_2)","decl":{"start":{"line":16,"column":29},"end":{"line":16,"column":30}},"loc":{"start":{"line":16,"column":44},"end":{"line":21,"column":3}},"line":16},"3":{"name":"(anonymous_3)","decl":{"start":{"line":25,"column":21},"end":{"line":25,"column":22}},"loc":{"start":{"line":25,"column":31},"end":{"line":41,"column":1}},"line":25},"4":{"name":"(anonymous_4)","decl":{"start":{"line":28,"column":29},"end":{"line":28,"column":30}},"loc":{"start":{"line":28,"column":44},"end":{"line":40,"column":3}},"line":28}},"branchMap":{"0":{"loc":{"start":{"line":12,"column":2},"end":{"line":14,"column":3}},"type":"if","locations":[{"start":{"line":12,"column":2},"end":{"line":14,"column":3}},{"start":{"line":12,"column":2},"end":{"line":14,"column":3}}],"line":12},"1":{"loc":{"start":{"line":31,"column":4},"end":{"line":35,"column":5}},"type":"if","locations":[{"start":{"line":31,"column":4},"end":{"line":35,"column":5}},{"start":{"line":31,"column":4},"end":{"line":35,"column":5}}],"line":31},"2":{"loc":{"start":{"line":32,"column":17},"end":{"line":32,"column":54}},"type":"cond-expr","locations":[{"start":{"line":32,"column":40},"end":{"line":32,"column":45}},{"start":{"line":32,"column":48},"end":{"line":32,"column":54}}],"line":32}},"s":{"0":1,"1":9,"2":1,"3":7,"4":7,"5":4,"6":3,"7":11,"8":11,"9":11,"10":1,"11":7,"12":7,"13":23,"14":23,"15":8,"16":8,"17":15,"18":15},"f":{"0":9,"1":7,"2":11,"3":7,"4":23},"b":{"0":[4,3],"1":[8,15],"2":[5,3]},"_coverageSchema":"1a1c01bbd47fc00a2c39e90264f33305004495a9","hash":"e22ed77bcf13375890a445e46c14bb12c1d7af71"}
,"/home/slava/hexlet/frontend-project-lvl2/src/trees.js": {"path":"/home/slava/hexlet/frontend-project-lvl2/src/trees.js","statementMap":{"0":{"start":{"line":4,"column":20},"end":{"line":4,"column":37}},"1":{"start":{"line":4,"column":30},"end":{"line":4,"column":37}},"2":{"start":{"line":7,"column":21},"end":{"line":7,"column":38}},"3":{"start":{"line":7,"column":31},"end":{"line":7,"column":38}},"4":{"start":{"line":10,"column":17},"end":{"line":21,"column":1}},"5":{"start":{"line":11,"column":2},"end":{"line":20,"column":3}},"6":{"start":{"line":13,"column":6},"end":{"line":13,"column":48}},"7":{"start":{"line":15,"column":6},"end":{"line":15,"column":46}},"8":{"start":{"line":17,"column":6},"end":{"line":17,"column":44}},"9":{"start":{"line":19,"column":6},"end":{"line":19,"column":18}},"10":{"start":{"line":24,"column":20},"end":{"line":60,"column":1}},"11":{"start":{"line":26,"column":2},"end":{"line":37,"column":3}},"12":{"start":{"line":27,"column":17},"end":{"line":27,"column":34}},"13":{"start":{"line":28,"column":18},"end":{"line":28,"column":36}},"14":{"start":{"line":31,"column":4},"end":{"line":33,"column":5}},"15":{"start":{"line":32,"column":6},"end":{"line":32,"column":41}},"16":{"start":{"line":36,"column":4},"end":{"line":36,"column":65}},"17":{"start":{"line":40,"column":24},"end":{"line":40,"column":26}},"18":{"start":{"line":42,"column":23},"end":{"line":42,"column":43}},"19":{"start":{"line":44,"column":2},"end":{"line":57,"column":5}},"20":{"start":{"line":45,"column":17},"end":{"line":45,"column":34}},"21":{"start":{"line":46,"column":18},"end":{"line":46,"column":36}},"22":{"start":{"line":49,"column":4},"end":{"line":56,"column":5}},"23":{"start":{"line":50,"column":28},"end":{"line":50,"column":62}},"24":{"start":{"line":51,"column":6},"end":{"line":51,"column":40}},"25":{"start":{"line":54,"column":28},"end":{"line":54,"column":88}},"26":{"start":{"line":55,"column":6},"end":{"line":55,"column":40}},"27":{"start":{"line":59,"column":2},"end":{"line":59,"column":23}},"28":{"start":{"line":63,"column":24},"end":{"line":85,"column":1}},"29":{"start":{"line":67,"column":2},"end":{"line":71,"column":3}},"30":{"start":{"line":68,"column":4},"end":{"line":68,"column":27}},"31":{"start":{"line":70,"column":4},"end":{"line":70,"column":74}},"32":{"start":{"line":73,"column":2},"end":{"line":77,"column":3}},"33":{"start":{"line":74,"column":4},"end":{"line":74,"column":26}},"34":{"start":{"line":76,"column":4},"end":{"line":76,"column":73}},"35":{"start":{"line":79,"column":2},"end":{"line":84,"column":4}},"36":{"start":{"line":88,"column":20},"end":{"line":159,"column":1}},"37":{"start":{"line":89,"column":23},"end":{"line":154,"column":3}},"38":{"start":{"line":90,"column":21},"end":{"line":90,"column":33}},"39":{"start":{"line":92,"column":23},"end":{"line":92,"column":44}},"40":{"start":{"line":93,"column":22},"end":{"line":93,"column":43}},"41":{"start":{"line":96,"column":4},"end":{"line":135,"column":5}},"42":{"start":{"line":96,"column":17},"end":{"line":96,"column":18}},"43":{"start":{"line":97,"column":25},"end":{"line":97,"column":38}},"44":{"start":{"line":98,"column":29},"end":{"line":98,"column":52}},"45":{"start":{"line":99,"column":30},"end":{"line":99,"column":54}},"46":{"start":{"line":101,"column":20},"end":{"line":101,"column":25}},"47":{"start":{"line":102,"column":6},"end":{"line":130,"column":7}},"48":{"start":{"line":102,"column":19},"end":{"line":102,"column":20}},"49":{"start":{"line":103,"column":26},"end":{"line":103,"column":38}},"50":{"start":{"line":105,"column":8},"end":{"line":129,"column":9}},"51":{"start":{"line":106,"column":32},"end":{"line":106,"column":54}},"52":{"start":{"line":107,"column":33},"end":{"line":107,"column":56}},"53":{"start":{"line":109,"column":10},"end":{"line":128,"column":11}},"54":{"start":{"line":110,"column":12},"end":{"line":110,"column":27}},"55":{"start":{"line":112,"column":12},"end":{"line":125,"column":13}},"56":{"start":{"line":113,"column":31},"end":{"line":113,"column":85}},"57":{"start":{"line":114,"column":14},"end":{"line":114,"column":38}},"58":{"start":{"line":115,"column":19},"end":{"line":125,"column":13}},"59":{"start":{"line":116,"column":31},"end":{"line":116,"column":95}},"60":{"start":{"line":117,"column":14},"end":{"line":117,"column":38}},"61":{"start":{"line":119,"column":31},"end":{"line":123,"column":15}},"62":{"start":{"line":124,"column":14},"end":{"line":124,"column":38}},"63":{"start":{"line":127,"column":12},"end":{"line":127,"column":32}},"64":{"start":{"line":132,"column":6},"end":{"line":134,"column":7}},"65":{"start":{"line":133,"column":8},"end":{"line":133,"column":29}},"66":{"start":{"line":138,"column":4},"end":{"line":143,"column":7}},"67":{"start":{"line":139,"column":6},"end":{"line":142,"column":7}},"68":{"start":{"line":140,"column":25},"end":{"line":140,"column":53}},"69":{"start":{"line":141,"column":8},"end":{"line":141,"column":32}},"70":{"start":{"line":146,"column":4},"end":{"line":151,"column":7}},"71":{"start":{"line":147,"column":6},"end":{"line":150,"column":7}},"72":{"start":{"line":148,"column":25},"end":{"line":148,"column":51}},"73":{"start":{"line":149,"column":8},"end":{"line":149,"column":32}},"74":{"start":{"line":153,"column":4},"end":{"line":153,"column":20}},"75":{"start":{"line":156,"column":19},"end":{"line":156,"column":53}},"76":{"start":{"line":158,"column":2},"end":{"line":158,"column":18}}},"fnMap":{"0":{"name":"(anonymous_0)","decl":{"start":{"line":4,"column":20},"end":{"line":4,"column":21}},"loc":{"start":{"line":4,"column":30},"end":{"line":4,"column":37}},"line":4},"1":{"name":"(anonymous_1)","decl":{"start":{"line":7,"column":21},"end":{"line":7,"column":22}},"loc":{"start":{"line":7,"column":31},"end":{"line":7,"column":38}},"line":7},"2":{"name":"(anonymous_2)","decl":{"start":{"line":10,"column":17},"end":{"line":10,"column":18}},"loc":{"start":{"line":10,"column":40},"end":{"line":21,"column":1}},"line":10},"3":{"name":"(anonymous_3)","decl":{"start":{"line":24,"column":20},"end":{"line":24,"column":21}},"loc":{"start":{"line":24,"column":36},"end":{"line":60,"column":1}},"line":24},"4":{"name":"(anonymous_4)","decl":{"start":{"line":44,"column":23},"end":{"line":44,"column":24}},"loc":{"start":{"line":44,"column":33},"end":{"line":57,"column":3}},"line":44},"5":{"name":"(anonymous_5)","decl":{"start":{"line":63,"column":24},"end":{"line":63,"column":25}},"loc":{"start":{"line":63,"column":54},"end":{"line":85,"column":1}},"line":63},"6":{"name":"(anonymous_6)","decl":{"start":{"line":88,"column":20},"end":{"line":88,"column":21}},"loc":{"start":{"line":88,"column":42},"end":{"line":159,"column":1}},"line":88},"7":{"name":"(anonymous_7)","decl":{"start":{"line":89,"column":23},"end":{"line":89,"column":24}},"loc":{"start":{"line":89,"column":50},"end":{"line":154,"column":3}},"line":89},"8":{"name":"(anonymous_8)","decl":{"start":{"line":138,"column":23},"end":{"line":138,"column":24}},"loc":{"start":{"line":138,"column":33},"end":{"line":143,"column":5}},"line":138},"9":{"name":"(anonymous_9)","decl":{"start":{"line":146,"column":22},"end":{"line":146,"column":23}},"loc":{"start":{"line":146,"column":32},"end":{"line":151,"column":5}},"line":146}},"branchMap":{"0":{"loc":{"start":{"line":11,"column":2},"end":{"line":20,"column":3}},"type":"switch","locations":[{"start":{"line":12,"column":4},"end":{"line":13,"column":48}},{"start":{"line":14,"column":4},"end":{"line":15,"column":46}},{"start":{"line":16,"column":4},"end":{"line":17,"column":44}},{"start":{"line":18,"column":4},"end":{"line":19,"column":18}}],"line":11},"1":{"loc":{"start":{"line":26,"column":2},"end":{"line":37,"column":3}},"type":"if","locations":[{"start":{"line":26,"column":2},"end":{"line":37,"column":3}},{"start":{"line":26,"column":2},"end":{"line":37,"column":3}}],"line":26},"2":{"loc":{"start":{"line":31,"column":4},"end":{"line":33,"column":5}},"type":"if","locations":[{"start":{"line":31,"column":4},"end":{"line":33,"column":5}},{"start":{"line":31,"column":4},"end":{"line":33,"column":5}}],"line":31},"3":{"loc":{"start":{"line":49,"column":4},"end":{"line":56,"column":5}},"type":"if","locations":[{"start":{"line":49,"column":4},"end":{"line":56,"column":5}},{"start":{"line":49,"column":4},"end":{"line":56,"column":5}}],"line":49},"4":{"loc":{"start":{"line":67,"column":2},"end":{"line":71,"column":3}},"type":"if","locations":[{"start":{"line":67,"column":2},"end":{"line":71,"column":3}},{"start":{"line":67,"column":2},"end":{"line":71,"column":3}}],"line":67},"5":{"loc":{"start":{"line":73,"column":2},"end":{"line":77,"column":3}},"type":"if","locations":[{"start":{"line":73,"column":2},"end":{"line":77,"column":3}},{"start":{"line":73,"column":2},"end":{"line":77,"column":3}}],"line":73},"6":{"loc":{"start":{"line":105,"column":8},"end":{"line":129,"column":9}},"type":"if","locations":[{"start":{"line":105,"column":8},"end":{"line":129,"column":9}},{"start":{"line":105,"column":8},"end":{"line":129,"column":9}}],"line":105},"7":{"loc":{"start":{"line":109,"column":10},"end":{"line":128,"column":11}},"type":"if","locations":[{"start":{"line":109,"column":10},"end":{"line":128,"column":11}},{"start":{"line":109,"column":10},"end":{"line":128,"column":11}}],"line":109},"8":{"loc":{"start":{"line":112,"column":12},"end":{"line":125,"column":13}},"type":"if","locations":[{"start":{"line":112,"column":12},"end":{"line":125,"column":13}},{"start":{"line":112,"column":12},"end":{"line":125,"column":13}}],"line":112},"9":{"loc":{"start":{"line":115,"column":19},"end":{"line":125,"column":13}},"type":"if","locations":[{"start":{"line":115,"column":19},"end":{"line":125,"column":13}},{"start":{"line":115,"column":19},"end":{"line":125,"column":13}}],"line":115},"10":{"loc":{"start":{"line":115,"column":23},"end":{"line":115,"column":82}},"type":"binary-expr","locations":[{"start":{"line":115,"column":23},"end":{"line":115,"column":51}},{"start":{"line":115,"column":55},"end":{"line":115,"column":82}}],"line":115},"11":{"loc":{"start":{"line":132,"column":6},"end":{"line":134,"column":7}},"type":"if","locations":[{"start":{"line":132,"column":6},"end":{"line":134,"column":7}},{"start":{"line":132,"column":6},"end":{"line":134,"column":7}}],"line":132},"12":{"loc":{"start":{"line":139,"column":6},"end":{"line":142,"column":7}},"type":"if","locations":[{"start":{"line":139,"column":6},"end":{"line":142,"column":7}},{"start":{"line":139,"column":6},"end":{"line":142,"column":7}}],"line":139},"13":{"loc":{"start":{"line":147,"column":6},"end":{"line":150,"column":7}},"type":"if","locations":[{"start":{"line":147,"column":6},"end":{"line":150,"column":7}},{"start":{"line":147,"column":6},"end":{"line":150,"column":7}}],"line":147}},"s":{"0":1,"1":459,"2":1,"3":459,"4":1,"5":124,"6":64,"7":21,"8":39,"9":0,"10":1,"11":95,"12":74,"13":74,"14":74,"15":53,"16":21,"17":21,"18":21,"19":21,"20":21,"21":21,"22":21,"23":21,"24":21,"25":0,"26":0,"27":21,"28":1,"29":25,"30":18,"31":7,"32":25,"33":18,"34":7,"35":25,"36":1,"37":14,"38":35,"39":35,"40":35,"41":35,"42":35,"43":96,"44":96,"45":96,"46":96,"47":96,"48":96,"49":356,"50":356,"51":268,"52":268,"53":268,"54":75,"55":75,"56":29,"57":29,"58":46,"59":25,"60":25,"61":21,"62":21,"63":75,"64":96,"65":75,"66":35,"67":21,"68":21,"69":21,"70":35,"71":39,"72":39,"73":39,"74":35,"75":14,"76":14},"f":{"0":459,"1":459,"2":124,"3":95,"4":21,"5":25,"6":14,"7":35,"8":21,"9":39},"b":{"0":[64,21,39,0],"1":[74,21],"2":[53,21],"3":[21,0],"4":[18,7],"5":[18,7],"6":[268,88],"7":[75,193],"8":[29,46],"9":[25,21],"10":[46,28],"11":[75,21],"12":[21,0],"13":[39,0]},"_coverageSchema":"1a1c01bbd47fc00a2c39e90264f33305004495a9","hash":"4e3472ca778019bf257e27e0760c3d476453e1f9"}
,"/home/slava/hexlet/frontend-project-lvl2/src/utils.js": {"path":"/home/slava/hexlet/frontend-project-lvl2/src/utils.js","statementMap":{"0":{"start":{"line":5,"column":18},"end":{"line":15,"column":1}},"1":{"start":{"line":6,"column":2},"end":{"line":12,"column":3}},"2":{"start":{"line":7,"column":4},"end":{"line":7,"column":28}},"3":{"start":{"line":9,"column":4},"end":{"line":11,"column":5}},"4":{"start":{"line":10,"column":6},"end":{"line":10,"column":19}},"5":{"start":{"line":14,"column":2},"end":{"line":14,"column":14}},"6":{"start":{"line":18,"column":17},"end":{"line":25,"column":1}},"7":{"start":{"line":19,"column":24},"end":{"line":19,"column":48}},"8":{"start":{"line":20,"column":2},"end":{"line":22,"column":3}},"9":{"start":{"line":21,"column":4},"end":{"line":21,"column":48}},"10":{"start":{"line":24,"column":2},"end":{"line":24,"column":14}}},"fnMap":{"0":{"name":"(anonymous_0)","decl":{"start":{"line":5,"column":18},"end":{"line":5,"column":19}},"loc":{"start":{"line":5,"column":34},"end":{"line":15,"column":1}},"line":5},"1":{"name":"(anonymous_1)","decl":{"start":{"line":18,"column":17},"end":{"line":18,"column":18}},"loc":{"start":{"line":18,"column":33},"end":{"line":25,"column":1}},"line":18}},"branchMap":{"0":{"loc":{"start":{"line":9,"column":4},"end":{"line":11,"column":5}},"type":"if","locations":[{"start":{"line":9,"column":4},"end":{"line":11,"column":5}},{"start":{"line":9,"column":4},"end":{"line":11,"column":5}}],"line":9},"1":{"loc":{"start":{"line":20,"column":2},"end":{"line":22,"column":3}},"type":"if","locations":[{"start":{"line":20,"column":2},"end":{"line":22,"column":3}},{"start":{"line":20,"column":2},"end":{"line":22,"column":3}}],"line":20}},"s":{"0":1,"1":0,"2":0,"3":0,"4":0,"5":0,"6":1,"7":0,"8":0,"9":0,"10":0},"f":{"0":0,"1":0},"b":{"0":[0,0],"1":[0,0]},"_coverageSchema":"1a1c01bbd47fc00a2c39e90264f33305004495a9","hash":"1d5f468dee1ffa86bf52057481e9ec3b904a8dc4"}
}
