TN:
SF:src/diffconfigs.js
FN:10,(anonymous_0)
FN:39,(anonymous_1)
FN:42,(anonymous_2)
FN:77,(anonymous_3)
FN:84,(anonymous_4)
FNF:5
FNH:1
FNDA:0,(anonymous_0)
FNDA:9,(anonymous_1)
FNDA:0,(anonymous_2)
FNDA:0,(anonymous_3)
FNDA:0,(anonymous_4)
DA:10,1
DA:11,0
DA:13,0
DA:14,0
DA:15,0
DA:17,0
DA:20,0
DA:21,0
DA:22,0
DA:24,0
DA:27,0
DA:28,0
DA:29,0
DA:31,0
DA:34,0
DA:39,9
DA:42,1
DA:43,0
DA:44,0
DA:46,0
DA:47,0
DA:48,0
DA:51,0
DA:52,0
DA:54,0
DA:55,0
DA:56,0
DA:59,0
DA:60,0
DA:61,0
DA:62,0
DA:65,0
DA:66,0
DA:67,0
DA:68,0
DA:71,0
DA:72,0
DA:77,1
DA:78,0
DA:85,0
LF:40
LH:4
BRDA:11,0,0,0
BRDA:11,0,1,0
BRDA:11,0,2,0
BRDA:11,0,3,0
BRDA:46,1,0,0
BRDA:46,1,1,0
BRDA:54,2,0,0
BRDA:54,2,1,0
BRDA:54,3,0,0
BRDA:54,3,1,0
BRDA:60,4,0,0
BRDA:60,4,1,0
BRDA:66,5,0,0
BRDA:66,5,1,0
BRF:14
BRH:0
end_of_record
TN:
SF:src/parsers.js
FN:6,(anonymous_0)
FN:9,(anonymous_1)
FN:16,(anonymous_2)
FN:25,(anonymous_3)
FN:28,(anonymous_4)
FN:28,(anonymous_5)
FNF:6
FNH:5
FNDA:1,(anonymous_0)
FNDA:1,(anonymous_1)
FNDA:0,(anonymous_2)
FNDA:1,(anonymous_3)
FNDA:6,(anonymous_4)
FNDA:13,(anonymous_5)
DA:6,1
DA:9,1
DA:10,1
DA:12,1
DA:13,1
DA:16,0
DA:17,0
DA:18,0
DA:20,0
DA:25,1
DA:26,1
DA:28,6
DA:29,13
DA:31,13
DA:32,7
DA:34,7
DA:38,6
DA:39,5
DA:41,5
DA:44,1
DA:46,1
DA:49,1
DA:51,1
LF:23
LH:19
BRDA:12,0,0,1
BRDA:12,0,1,0
BRDA:31,1,0,7
BRDA:31,1,1,6
BRDA:32,2,0,5
BRDA:32,2,1,2
BRDA:38,3,0,5
BRDA:38,3,1,1
BRDA:38,4,0,6
BRDA:38,4,1,5
BRF:10
BRH:9
end_of_record
TN:
SF:src/trees.js
FN:4,(anonymous_0)
FN:7,(anonymous_1)
FN:10,(anonymous_2)
FN:24,(anonymous_3)
FN:44,(anonymous_4)
FN:63,(anonymous_5)
FN:88,(anonymous_6)
FN:89,(anonymous_7)
FN:138,(anonymous_8)
FN:146,(anonymous_9)
FNF:10
FNH:10
FNDA:160,(anonymous_0)
FNDA:160,(anonymous_1)
FNDA:48,(anonymous_2)
FNDA:38,(anonymous_3)
FNDA:22,(anonymous_4)
FNDA:8,(anonymous_5)
FNDA:8,(anonymous_6)
FNDA:18,(anonymous_7)
FNDA:6,(anonymous_8)
FNDA:6,(anonymous_9)
DA:4,160
DA:7,160
DA:10,1
DA:11,48
DA:13,36
DA:15,6
DA:17,6
DA:19,0
DA:24,1
DA:26,38
DA:27,26
DA:28,26
DA:31,26
DA:32,16
DA:36,10
DA:40,12
DA:42,12
DA:44,12
DA:45,22
DA:46,22
DA:49,22
DA:50,20
DA:51,20
DA:54,2
DA:55,2
DA:59,12
DA:63,1
DA:67,8
DA:68,8
DA:70,0
DA:73,8
DA:74,8
DA:76,0
DA:79,8
DA:88,1
DA:89,8
DA:90,18
DA:92,18
DA:93,18
DA:96,18
DA:97,38
DA:98,38
DA:99,38
DA:101,38
DA:102,38
DA:103,108
DA:105,108
DA:106,74
DA:107,74
DA:109,74
DA:110,32
DA:112,32
DA:113,14
DA:114,14
DA:115,18
DA:116,8
DA:117,8
DA:119,10
DA:124,10
DA:127,32
DA:132,38
DA:133,32
DA:138,18
DA:139,6
DA:140,6
DA:141,6
DA:146,18
DA:147,6
DA:148,6
DA:149,6
DA:153,18
DA:156,8
DA:158,8
LF:73
LH:70
BRDA:11,0,0,36
BRDA:11,0,1,6
BRDA:11,0,2,6
BRDA:11,0,3,0
BRDA:26,1,0,26
BRDA:26,1,1,12
BRDA:31,2,0,16
BRDA:31,2,1,10
BRDA:49,3,0,20
BRDA:49,3,1,2
BRDA:67,4,0,8
BRDA:67,4,1,0
BRDA:73,5,0,8
BRDA:73,5,1,0
BRDA:105,6,0,74
BRDA:105,6,1,34
BRDA:109,7,0,32
BRDA:109,7,1,42
BRDA:112,8,0,14
BRDA:112,8,1,18
BRDA:115,9,0,8
BRDA:115,9,1,10
BRDA:115,10,0,18
BRDA:115,10,1,10
BRDA:132,11,0,32
BRDA:132,11,1,6
BRDA:139,12,0,6
BRDA:139,12,1,0
BRDA:147,13,0,6
BRDA:147,13,1,0
BRF:30
BRH:25
end_of_record
TN:
SF:src/utils.js
FN:5,(anonymous_0)
FN:18,(anonymous_1)
FNF:2
FNH:0
FNDA:0,(anonymous_0)
FNDA:0,(anonymous_1)
DA:5,1
DA:6,0
DA:7,0
DA:9,0
DA:10,0
DA:14,0
DA:18,1
DA:19,0
DA:20,0
DA:21,0
DA:24,0
LF:11
LH:2
BRDA:9,0,0,0
BRDA:9,0,1,0
BRDA:20,1,0,0
BRDA:20,1,1,0
BRF:4
BRH:0
end_of_record
TN:
SF:src/formatters/index.js
FN:6,(anonymous_0)
FNF:1
FNH:1
FNDA:9,(anonymous_0)
DA:6,1
DA:7,9
DA:8,3
DA:11,6
DA:12,3
DA:15,3
DA:16,3
DA:19,0
LF:8
LH:7
BRDA:7,0,0,3
BRDA:7,0,1,6
BRDA:11,1,0,3
BRDA:11,1,1,3
BRDA:15,2,0,3
BRDA:15,2,1,0
BRF:6
BRH:5
end_of_record
TN:
SF:src/formatters/json.js
FN:3,(anonymous_0)
FNF:1
FNH:1
FNDA:3,(anonymous_0)
DA:3,1
DA:4,3
DA:6,3
LF:3
LH:3
BRF:0
BRH:0
end_of_record
TN:
SF:src/formatters/plain.js
FN:6,(anonymous_0)
FN:7,(anonymous_1)
FN:61,(anonymous_2)
FNF:3
FNH:3
FNDA:3,(anonymous_0)
FNDA:17,(anonymous_1)
FNDA:12,(anonymous_2)
DA:6,1
DA:7,3
DA:8,17
DA:11,17
DA:12,12
DA:16,12
DA:17,9
DA:19,3
DA:23,12
DA:27,5
DA:28,3
DA:29,1
DA:31,2
DA:34,3
DA:35,2
DA:37,1
DA:40,3
DA:42,2
DA:47,12
DA:48,2
DA:52,12
DA:53,3
DA:54,2
DA:56,1
DA:61,5
DA:62,12
DA:66,17
DA:69,3
DA:71,3
LF:29
LH:29
BRDA:11,0,0,12
BRDA:11,0,1,5
BRDA:16,1,0,9
BRDA:16,1,1,3
BRDA:23,2,0,5
BRDA:23,2,1,7
BRDA:27,3,0,3
BRDA:27,3,1,2
BRDA:28,4,0,1
BRDA:28,4,1,2
BRDA:34,5,0,2
BRDA:34,5,1,1
BRDA:47,6,0,2
BRDA:47,6,1,10
BRDA:52,7,0,3
BRDA:52,7,1,9
BRDA:53,8,0,2
BRDA:53,8,1,1
BRF:18
BRH:18
end_of_record
TN:
SF:src/formatters/stylish.js
FN:5,(anonymous_0)
FN:6,(anonymous_1)
FN:9,(anonymous_2)
FNF:3
FNH:3
FNDA:3,(anonymous_0)
FNDA:11,(anonymous_1)
FNDA:21,(anonymous_2)
DA:5,1
DA:6,3
DA:7,11
DA:9,11
DA:10,21
DA:13,21
DA:14,11
DA:15,9
DA:17,2
DA:18,2
DA:19,2
DA:24,21
DA:25,2
DA:26,2
DA:28,0
DA:29,0
DA:30,0
DA:35,21
DA:36,3
DA:37,2
DA:39,1
DA:40,1
DA:41,1
DA:46,21
DA:47,5
DA:48,2
DA:49,2
DA:50,2
DA:52,3
DA:53,1
DA:55,2
DA:56,2
DA:57,2
DA:60,3
DA:61,2
DA:63,1
DA:64,1
DA:65,1
DA:70,21
DA:73,11
DA:76,3
DA:77,3
DA:79,3
LF:43
LH:40
BRDA:13,0,0,11
BRDA:13,0,1,10
BRDA:14,1,0,9
BRDA:14,1,1,2
BRDA:24,2,0,2
BRDA:24,2,1,19
BRDA:25,3,0,2
BRDA:25,3,1,0
BRDA:35,4,0,3
BRDA:35,4,1,18
BRDA:36,5,0,2
BRDA:36,5,1,1
BRDA:46,6,0,5
BRDA:46,6,1,16
BRDA:47,7,0,2
BRDA:47,7,1,3
BRDA:52,8,0,1
BRDA:52,8,1,2
BRDA:60,9,0,2
BRDA:60,9,1,1
BRF:20
BRH:19
end_of_record
