TN:
SF:formatters/index.js
FN:6,(anonymous_0)
FNF:1
FNH:0
FNDA:0,(anonymous_0)
DA:6,1
DA:7,0
DA:8,0
DA:11,0
DA:12,0
DA:15,0
DA:16,0
DA:19,0
LF:8
LH:1
BRDA:7,0,0,0
BRDA:7,0,1,0
BRDA:11,1,0,0
BRDA:11,1,1,0
BRDA:15,2,0,0
BRDA:15,2,1,0
BRF:6
BRH:0
end_of_record
TN:
SF:formatters/json.js
FN:3,(anonymous_0)
FNF:1
FNH:1
FNDA:1,(anonymous_0)
DA:3,1
DA:4,1
DA:6,1
LF:3
LH:3
BRF:0
BRH:0
end_of_record
TN:
SF:formatters/plain.js
FN:6,(anonymous_0)
FN:7,(anonymous_1)
FN:61,(anonymous_2)
FNF:3
FNH:3
FNDA:3,(anonymous_0)
FNDA:60,(anonymous_1)
FNDA:48,(anonymous_2)
DA:6,1
DA:7,3
DA:8,60
DA:11,60
DA:12,48
DA:16,48
DA:17,36
DA:19,12
DA:23,48
DA:27,18
DA:28,9
DA:29,6
DA:31,3
DA:34,9
DA:35,6
DA:37,3
DA:40,9
DA:42,9
DA:47,48
DA:48,6
DA:52,48
DA:53,15
DA:54,9
DA:56,6
DA:61,12
DA:62,48
DA:66,60
DA:69,3
DA:71,3
LF:29
LH:29
BRDA:11,0,0,48
BRDA:11,0,1,12
BRDA:16,1,0,36
BRDA:16,1,1,12
BRDA:23,2,0,18
BRDA:23,2,1,30
BRDA:27,3,0,9
BRDA:27,3,1,9
BRDA:28,4,0,6
BRDA:28,4,1,3
BRDA:34,5,0,6
BRDA:34,5,1,3
BRDA:47,6,0,6
BRDA:47,6,1,42
BRDA:52,7,0,15
BRDA:52,7,1,33
BRDA:53,8,0,9
BRDA:53,8,1,6
BRF:18
BRH:18
end_of_record
TN:
SF:formatters/stylish.js
FN:5,(anonymous_0)
FN:6,(anonymous_1)
FN:9,(anonymous_2)
FNF:3
FNH:3
FNDA:10,(anonymous_0)
FNDA:34,(anonymous_1)
FNDA:86,(anonymous_2)
DA:5,1
DA:6,10
DA:7,34
DA:9,34
DA:10,86
DA:13,86
DA:14,32
DA:15,32
DA:17,0
DA:18,0
DA:19,0
DA:24,86
DA:25,13
DA:26,10
DA:28,3
DA:29,3
DA:30,3
DA:35,86
DA:36,19
DA:37,13
DA:39,6
DA:40,6
DA:41,6
DA:46,86
DA:47,22
DA:48,9
DA:49,9
DA:50,9
DA:52,13
DA:53,10
DA:55,3
DA:56,3
DA:57,3
DA:60,13
DA:61,10
DA:63,3
DA:64,3
DA:65,3
DA:70,86
DA:73,34
DA:76,10
DA:77,10
DA:79,10
LF:43
LH:40
BRDA:13,0,0,32
BRDA:13,0,1,54
BRDA:14,1,0,32
BRDA:14,1,1,0
BRDA:24,2,0,13
BRDA:24,2,1,73
BRDA:25,3,0,10
BRDA:25,3,1,3
BRDA:35,4,0,19
BRDA:35,4,1,67
BRDA:36,5,0,13
BRDA:36,5,1,6
BRDA:46,6,0,22
BRDA:46,6,1,64
BRDA:47,7,0,9
BRDA:47,7,1,13
BRDA:52,8,0,10
BRDA:52,8,1,3
BRDA:60,9,0,10
BRDA:60,9,1,3
BRF:20
BRH:19
end_of_record
TN:
SF:src/getdiff.js
FN:9,(anonymous_0)
FN:38,(anonymous_1)
FN:70,(anonymous_2)
FN:77,(anonymous_3)
FNF:4
FNH:1
FNDA:10,(anonymous_0)
FNDA:0,(anonymous_1)
FNDA:0,(anonymous_2)
FNDA:0,(anonymous_3)
DA:9,1
DA:10,10
DA:12,4
DA:13,4
DA:14,4
DA:16,4
DA:19,3
DA:20,3
DA:21,3
DA:23,3
DA:26,3
DA:27,3
DA:28,3
DA:30,3
DA:33,0
DA:38,1
DA:39,0
DA:40,0
DA:42,0
DA:43,0
DA:44,0
DA:47,0
DA:48,0
DA:50,0
DA:51,0
DA:52,0
DA:55,0
DA:56,0
DA:57,0
DA:58,0
DA:61,0
DA:62,0
DA:63,0
DA:64,0
DA:66,0
DA:70,1
DA:71,0
DA:78,0
LF:38
LH:16
BRDA:10,0,0,4
BRDA:10,0,1,3
BRDA:10,0,2,3
BRDA:10,0,3,0
BRDA:42,1,0,0
BRDA:42,1,1,0
BRDA:50,2,0,0
BRDA:50,2,1,0
BRDA:50,3,0,0
BRDA:50,3,1,0
BRDA:56,4,0,0
BRDA:56,4,1,0
BRDA:62,5,0,0
BRDA:62,5,1,0
BRF:14
BRH:3
end_of_record
TN:
SF:src/parsers.js
FN:6,(anonymous_0)
FN:9,(anonymous_1)
FN:16,(anonymous_2)
FN:25,(anonymous_3)
FN:28,(anonymous_4)
FNF:5
FNH:5
FNDA:9,(anonymous_0)
FNDA:7,(anonymous_1)
FNDA:11,(anonymous_2)
FNDA:7,(anonymous_3)
FNDA:23,(anonymous_4)
DA:6,9
DA:9,1
DA:10,7
DA:12,7
DA:13,4
DA:16,3
DA:17,11
DA:18,11
DA:20,11
DA:25,1
DA:26,7
DA:28,7
DA:29,23
DA:31,23
DA:32,8
DA:34,8
DA:37,15
DA:39,15
LF:18
LH:18
BRDA:12,0,0,4
BRDA:12,0,1,3
BRDA:31,1,0,8
BRDA:31,1,1,15
BRDA:32,2,0,5
BRDA:32,2,1,3
BRF:6
BRH:6
end_of_record
TN:
SF:src/trees.js
FN:4,(anonymous_0)
FN:7,(anonymous_1)
FN:10,(anonymous_2)
FN:24,(anonymous_3)
FN:44,(anonymous_4)
FN:63,(anonymous_5)
FN:88,(anonymous_6)
FN:89,(anonymous_7)
FN:138,(anonymous_8)
FN:146,(anonymous_9)
FNF:10
FNH:10
FNDA:459,(anonymous_0)
FNDA:459,(anonymous_1)
FNDA:124,(anonymous_2)
FNDA:95,(anonymous_3)
FNDA:21,(anonymous_4)
FNDA:25,(anonymous_5)
FNDA:14,(anonymous_6)
FNDA:35,(anonymous_7)
FNDA:21,(anonymous_8)
FNDA:39,(anonymous_9)
DA:4,459
DA:7,459
DA:10,1
DA:11,124
DA:13,64
DA:15,21
DA:17,39
DA:19,0
DA:24,1
DA:26,95
DA:27,74
DA:28,74
DA:31,74
DA:32,53
DA:36,21
DA:40,21
DA:42,21
DA:44,21
DA:45,21
DA:46,21
DA:49,21
DA:50,21
DA:51,21
DA:54,0
DA:55,0
DA:59,21
DA:63,1
DA:67,25
DA:68,18
DA:70,7
DA:73,25
DA:74,18
DA:76,7
DA:79,25
DA:88,1
DA:89,14
DA:90,35
DA:92,35
DA:93,35
DA:96,35
DA:97,96
DA:98,96
DA:99,96
DA:101,96
DA:102,96
DA:103,356
DA:105,356
DA:106,268
DA:107,268
DA:109,268
DA:110,75
DA:112,75
DA:113,29
DA:114,29
DA:115,46
DA:116,25
DA:117,25
DA:119,21
DA:124,21
DA:127,75
DA:132,96
DA:133,75
DA:138,35
DA:139,21
DA:140,21
DA:141,21
DA:146,35
DA:147,39
DA:148,39
DA:149,39
DA:153,35
DA:156,14
DA:158,14
LF:73
LH:70
BRDA:11,0,0,64
BRDA:11,0,1,21
BRDA:11,0,2,39
BRDA:11,0,3,0
BRDA:26,1,0,74
BRDA:26,1,1,21
BRDA:31,2,0,53
BRDA:31,2,1,21
BRDA:49,3,0,21
BRDA:49,3,1,0
BRDA:67,4,0,18
BRDA:67,4,1,7
BRDA:73,5,0,18
BRDA:73,5,1,7
BRDA:105,6,0,268
BRDA:105,6,1,88
BRDA:109,7,0,75
BRDA:109,7,1,193
BRDA:112,8,0,29
BRDA:112,8,1,46
BRDA:115,9,0,25
BRDA:115,9,1,21
BRDA:115,10,0,46
BRDA:115,10,1,28
BRDA:132,11,0,75
BRDA:132,11,1,21
BRDA:139,12,0,21
BRDA:139,12,1,0
BRDA:147,13,0,39
BRDA:147,13,1,0
BRF:30
BRH:26
end_of_record
TN:
SF:src/utils.js
FN:5,(anonymous_0)
FN:18,(anonymous_1)
FNF:2
FNH:0
FNDA:0,(anonymous_0)
FNDA:0,(anonymous_1)
DA:5,1
DA:6,0
DA:7,0
DA:9,0
DA:10,0
DA:14,0
DA:18,1
DA:19,0
DA:20,0
DA:21,0
DA:24,0
LF:11
LH:2
BRDA:9,0,0,0
BRDA:9,0,1,0
BRDA:20,1,0,0
BRDA:20,1,1,0
BRF:4
BRH:0
end_of_record
